{"/import/ravel/3/z5418261/24T1/courseMaterial/tutor-material/tut08/a.zunebug/day-to-year.ts": {"path":"/import/ravel/3/z5418261/24T1/courseMaterial/tutor-material/tut08/a.zunebug/day-to-year.ts","statementMap":{"0":{"start":{"line":1,"column":20},"end":{"line":1,"column":24}},"1":{"start":{"line":3,"column":15},"end":{"line":3,"column":65}},"2":{"start":{"line":3,"column":30},"end":{"line":3,"column":65}},"3":{"start":{"line":5,"column":25},"end":{"line":21,"column":1}},"4":{"start":{"line":6,"column":13},"end":{"line":6,"column":24}},"5":{"start":{"line":7,"column":2},"end":{"line":19,"column":null}},"6":{"start":{"line":8,"column":4},"end":{"line":18,"column":null}},"7":{"start":{"line":9,"column":6},"end":{"line":14,"column":null}},"8":{"start":{"line":10,"column":8},"end":{"line":10,"column":20}},"9":{"start":{"line":11,"column":8},"end":{"line":11,"column":18}},"10":{"start":{"line":13,"column":8},"end":{"line":13,"column":17}},"11":{"start":{"line":16,"column":6},"end":{"line":16,"column":18}},"12":{"start":{"line":17,"column":6},"end":{"line":17,"column":16}},"13":{"start":{"line":20,"column":2},"end":{"line":20,"column":14}},"14":{"start":{"line":5,"column":13},"end":{"line":5,"column":25}}},"fnMap":{"0":{"name":"(anonymous_0)","decl":{"start":{"line":3,"column":15},"end":{"line":3,"column":16}},"loc":{"start":{"line":3,"column":30},"end":{"line":3,"column":65}}},"1":{"name":"(anonymous_1)","decl":{"start":{"line":5,"column":25},"end":{"line":5,"column":26}},"loc":{"start":{"line":5,"column":42},"end":{"line":21,"column":1}}}},"branchMap":{"0":{"loc":{"start":{"line":8,"column":4},"end":{"line":18,"column":null}},"type":"if","locations":[{"start":{"line":8,"column":4},"end":{"line":18,"column":null}},{"start":{"line":15,"column":11},"end":{"line":18,"column":null}}]},"1":{"loc":{"start":{"line":9,"column":6},"end":{"line":14,"column":null}},"type":"if","locations":[{"start":{"line":9,"column":6},"end":{"line":14,"column":null}},{"start":{"line":12,"column":13},"end":{"line":14,"column":null}}]}},"s":{"0":1,"1":1,"2":6,"3":1,"4":4,"5":4,"6":6,"7":1,"8":1,"9":1,"10":0,"11":5,"12":5,"13":4,"14":1},"f":{"0":6,"1":4},"b":{"0":[1,5],"1":[1,0]}}
}
